<?xml version="1.0" encoding="UTF-8"?>
<!-- Generated by org.testng.reporters.JUnitReportReporter -->
<testsuite hostname="Home-Ubuntu" name="ru.greg3d.yandexRuCalcTest" tests="8" failures="0" timestamp="13 Mar 2016 00:06:09 GMT" time="10.020" errors="0">
  <testcase name="testCalc_inputArgsByCopyPast_testValidData" time="0.768" classname="ru.greg3d.yandexRuCalcTest"/>
  <testcase name="testCalc_inputArgsByTypingText_testValidData" time="1.145" classname="ru.greg3d.yandexRuCalcTest"/>
  <testcase name="testCalc_inputArgsByClickButtons_testValidData" time="1.428" classname="ru.greg3d.yandexRuCalcTest"/>
  <testcase name="testCalc_inputArgsByClickButtons_testValidData" time="1.698" classname="ru.greg3d.yandexRuCalcTest"/>
  <testcase name="testCalc_inputArgsByCopyPast_testInValidData" time="1.406" classname="ru.greg3d.yandexRuCalcTest"/>
  <testcase name="testCalc_inputArgsByCopyPast_testInValidData" time="0.858" classname="ru.greg3d.yandexRuCalcTest"/>
  <testcase name="testCalc_inputArgsByTypingText_testValidData" time="0.864" classname="ru.greg3d.yandexRuCalcTest"/>
  <testcase name="testCalc_inputArgsByClickButtons_testValidData" time="1.853" classname="ru.greg3d.yandexRuCalcTest"/>
</testsuite> <!-- ru.greg3d.yandexRuCalcTest -->
