<?xml version="1.0" encoding="UTF-8"?>
<!-- Generated by org.testng.reporters.JUnitReportReporter -->
<testsuite hostname="Home-Ubuntu" name="ru.greg3d.yandexRuCalcTest" tests="8" failures="0" timestamp="12 Mar 2016 21:10:16 GMT" time="10.418" errors="0">
  <testcase name="testCalc_inputArgsByTypingText" time="0.877" classname="ru.greg3d.yandexRuCalcTest"/>
  <testcase name="testCalc_inputArgsByCopyPast" time="1.274" classname="ru.greg3d.yandexRuCalcTest"/>
  <testcase name="testCalc_inputArgsByClickButtons" time="1.383" classname="ru.greg3d.yandexRuCalcTest"/>
  <testcase name="testCalc_inputArgsByClickButtons" time="1.798" classname="ru.greg3d.yandexRuCalcTest"/>
  <testcase name="testCalc_inputArgsByCopyPast" time="1.430" classname="ru.greg3d.yandexRuCalcTest"/>
  <testcase name="testCalc_inputArgsByTypingText" time="0.863" classname="ru.greg3d.yandexRuCalcTest"/>
  <testcase name="testCalc_inputArgsByCopyPast" time="0.836" classname="ru.greg3d.yandexRuCalcTest"/>
  <testcase name="testCalc_inputArgsByClickButtons" time="1.957" classname="ru.greg3d.yandexRuCalcTest"/>
</testsuite> <!-- ru.greg3d.yandexRuCalcTest -->
